This file contains any messages produced by compilers while
running configure, to aid debugging if configure makes a mistake.

It was created by bus-stops configure 0.0.1, which was
generated by GNU Autoconf 2.69.  Invocation command line was

  $ ./configure 

## --------- ##
## Platform. ##
## --------- ##

hostname = breaker-Lenovo-G575
uname -m = x86_64
uname -r = 3.16.0-25-generic
uname -s = Linux
uname -v = #33-Ubuntu SMP Tue Nov 4 12:06:54 UTC 2014

/usr/bin/uname -p = unknown
/bin/uname -X     = unknown

/bin/arch              = unknown
/usr/bin/arch -k       = unknown
/usr/convex/getsysinfo = unknown
/usr/bin/hostinfo      = unknown
/bin/machine           = unknown
/usr/bin/oslevel       = unknown
/bin/universe          = unknown

PATH: /usr/local/sbin
PATH: /usr/local/bin
PATH: /usr/sbin
PATH: /usr/bin
PATH: /sbin
PATH: /bin
PATH: /usr/games
PATH: /usr/local/games


## ----------- ##
## Core tests. ##
## ----------- ##

configure:2413: checking for a BSD-compatible install
configure:2481: result: /usr/bin/install -c
configure:2492: checking whether build environment is sane
configure:2547: result: yes
configure:2698: checking for a thread-safe mkdir -p
configure:2737: result: /bin/mkdir -p
configure:2744: checking for gawk
configure:2774: result: no
configure:2744: checking for mawk
configure:2760: found /usr/bin/mawk
configure:2771: result: mawk
configure:2782: checking whether make sets $(MAKE)
configure:2804: result: yes
configure:2833: checking whether make supports nested variables
configure:2850: result: yes
configure:2988: checking for style of include used by make
configure:3016: result: GNU
configure:3087: checking for gcc
configure:3103: found /usr/bin/gcc
configure:3114: result: gcc
configure:3343: checking for C compiler version
configure:3352: gcc --version >&5
gcc (Ubuntu 4.9.1-16ubuntu6) 4.9.1
Copyright (C) 2014 Free Software Foundation, Inc.
This is free software; see the source for copying conditions.  There is NO
warranty; not even for MERCHANTABILITY or FITNESS FOR A PARTICULAR PURPOSE.

configure:3363: $? = 0
configure:3352: gcc -v >&5
Using built-in specs.
COLLECT_GCC=gcc
COLLECT_LTO_WRAPPER=/usr/lib/gcc/x86_64-linux-gnu/4.9/lto-wrapper
Target: x86_64-linux-gnu
Configured with: ../src/configure -v --with-pkgversion='Ubuntu 4.9.1-16ubuntu6' --with-bugurl=file:///usr/share/doc/gcc-4.9/README.Bugs --enable-languages=c,c++,java,go,d,fortran,objc,obj-c++ --prefix=/usr --program-suffix=-4.9 --enable-shared --enable-linker-build-id --libexecdir=/usr/lib --without-included-gettext --enable-threads=posix --with-gxx-include-dir=/usr/include/c++/4.9 --libdir=/usr/lib --enable-nls --with-sysroot=/ --enable-clocale=gnu --enable-libstdcxx-debug --enable-libstdcxx-time=yes --enable-gnu-unique-object --disable-vtable-verify --enable-plugin --with-system-zlib --disable-browser-plugin --enable-java-awt=gtk --enable-gtk-cairo --with-java-home=/usr/lib/jvm/java-1.5.0-gcj-4.9-amd64/jre --enable-java-home --with-jvm-root-dir=/usr/lib/jvm/java-1.5.0-gcj-4.9-amd64 --with-jvm-jar-dir=/usr/lib/jvm-exports/java-1.5.0-gcj-4.9-amd64 --with-arch-directory=amd64 --with-ecj-jar=/usr/share/java/eclipse-ecj.jar --enable-objc-gc --enable-multiarch --disable-werror --with-arch-32=i686 --with-abi=m64 --with-multilib-list=m32,m64,mx32 --enable-multilib --with-tune=generic --enable-checking=release --build=x86_64-linux-gnu --host=x86_64-linux-gnu --target=x86_64-linux-gnu
Thread model: posix
gcc version 4.9.1 (Ubuntu 4.9.1-16ubuntu6) 
configure:3363: $? = 0
configure:3352: gcc -V >&5
gcc: error: unrecognized command line option '-V'
gcc: fatal error: no input files
compilation terminated.
configure:3363: $? = 4
configure:3352: gcc -qversion >&5
gcc: error: unrecognized command line option '-qversion'
gcc: fatal error: no input files
compilation terminated.
configure:3363: $? = 4
configure:3383: checking whether the C compiler works
configure:3405: gcc    conftest.c  >&5
configure:3409: $? = 0
configure:3457: result: yes
configure:3460: checking for C compiler default output file name
configure:3462: result: a.out
configure:3468: checking for suffix of executables
configure:3475: gcc -o conftest    conftest.c  >&5
configure:3479: $? = 0
configure:3501: result: 
configure:3523: checking whether we are cross compiling
configure:3531: gcc -o conftest    conftest.c  >&5
configure:3535: $? = 0
configure:3542: ./conftest
configure:3546: $? = 0
configure:3561: result: no
configure:3566: checking for suffix of object files
configure:3588: gcc -c   conftest.c >&5
configure:3592: $? = 0
configure:3613: result: o
configure:3617: checking whether we are using the GNU C compiler
configure:3636: gcc -c   conftest.c >&5
configure:3636: $? = 0
configure:3645: result: yes
configure:3654: checking whether gcc accepts -g
configure:3674: gcc -c -g  conftest.c >&5
configure:3674: $? = 0
configure:3715: result: yes
configure:3732: checking for gcc option to accept ISO C89
configure:3795: gcc  -c -g -O2  conftest.c >&5
configure:3795: $? = 0
configure:3808: result: none needed
configure:3833: checking whether gcc understands -c and -o together
configure:3855: gcc -c conftest.c -o conftest2.o
configure:3858: $? = 0
configure:3855: gcc -c conftest.c -o conftest2.o
configure:3858: $? = 0
configure:3870: result: yes
configure:3889: checking dependency style of gcc
configure:4000: result: gcc3
configure:4016: checking for pthread_create in -lpthread
configure:4041: gcc -o conftest -g -O2   conftest.c -lpthread   >&5
configure:4041: $? = 0
configure:4050: result: yes
configure:4115: checking for pkg-config
configure:4133: found /usr/bin/pkg-config
configure:4145: result: /usr/bin/pkg-config
configure:4170: checking pkg-config is at least version 0.9.0
configure:4173: result: yes
configure:4183: checking for protobuf
configure:4190: $PKG_CONFIG --exists --print-errors "protobuf"
configure:4193: $? = 0
configure:4207: $PKG_CONFIG --exists --print-errors "protobuf"
configure:4210: $? = 0
configure:4268: result: yes
configure:4331: checking for g++
configure:4347: found /usr/bin/g++
configure:4358: result: g++
configure:4385: checking for C++ compiler version
configure:4394: g++ --version >&5
g++ (Ubuntu 4.9.1-16ubuntu6) 4.9.1
Copyright (C) 2014 Free Software Foundation, Inc.
This is free software; see the source for copying conditions.  There is NO
warranty; not even for MERCHANTABILITY or FITNESS FOR A PARTICULAR PURPOSE.

configure:4405: $? = 0
configure:4394: g++ -v >&5
Using built-in specs.
COLLECT_GCC=g++
COLLECT_LTO_WRAPPER=/usr/lib/gcc/x86_64-linux-gnu/4.9/lto-wrapper
Target: x86_64-linux-gnu
Configured with: ../src/configure -v --with-pkgversion='Ubuntu 4.9.1-16ubuntu6' --with-bugurl=file:///usr/share/doc/gcc-4.9/README.Bugs --enable-languages=c,c++,java,go,d,fortran,objc,obj-c++ --prefix=/usr --program-suffix=-4.9 --enable-shared --enable-linker-build-id --libexecdir=/usr/lib --without-included-gettext --enable-threads=posix --with-gxx-include-dir=/usr/include/c++/4.9 --libdir=/usr/lib --enable-nls --with-sysroot=/ --enable-clocale=gnu --enable-libstdcxx-debug --enable-libstdcxx-time=yes --enable-gnu-unique-object --disable-vtable-verify --enable-plugin --with-system-zlib --disable-browser-plugin --enable-java-awt=gtk --enable-gtk-cairo --with-java-home=/usr/lib/jvm/java-1.5.0-gcj-4.9-amd64/jre --enable-java-home --with-jvm-root-dir=/usr/lib/jvm/java-1.5.0-gcj-4.9-amd64 --with-jvm-jar-dir=/usr/lib/jvm-exports/java-1.5.0-gcj-4.9-amd64 --with-arch-directory=amd64 --with-ecj-jar=/usr/share/java/eclipse-ecj.jar --enable-objc-gc --enable-multiarch --disable-werror --with-arch-32=i686 --with-abi=m64 --with-multilib-list=m32,m64,mx32 --enable-multilib --with-tune=generic --enable-checking=release --build=x86_64-linux-gnu --host=x86_64-linux-gnu --target=x86_64-linux-gnu
Thread model: posix
gcc version 4.9.1 (Ubuntu 4.9.1-16ubuntu6) 
configure:4405: $? = 0
configure:4394: g++ -V >&5
g++: error: unrecognized command line option '-V'
g++: fatal error: no input files
compilation terminated.
configure:4405: $? = 4
configure:4394: g++ -qversion >&5
g++: error: unrecognized command line option '-qversion'
g++: fatal error: no input files
compilation terminated.
configure:4405: $? = 4
configure:4409: checking whether we are using the GNU C++ compiler
configure:4428: g++ -c   conftest.cpp >&5
configure:4428: $? = 0
configure:4437: result: yes
configure:4446: checking whether g++ accepts -g
configure:4466: g++ -c -g  conftest.cpp >&5
configure:4466: $? = 0
configure:4507: result: yes
configure:4532: checking dependency style of g++
configure:4643: result: gcc3
configure:4687: checking build system type
configure:4701: result: x86_64-unknown-linux-gnu
configure:4721: checking host system type
configure:4734: result: x86_64-unknown-linux-gnu
configure:4775: checking how to print strings
configure:4802: result: printf
configure:4823: checking for a sed that does not truncate output
configure:4887: result: /bin/sed
configure:4905: checking for grep that handles long lines and -e
configure:4963: result: /bin/grep
configure:4968: checking for egrep
configure:5030: result: /bin/grep -E
configure:5035: checking for fgrep
configure:5097: result: /bin/grep -F
configure:5132: checking for ld used by gcc
configure:5199: result: /usr/bin/ld
configure:5206: checking if the linker (/usr/bin/ld) is GNU ld
configure:5221: result: yes
configure:5233: checking for BSD- or MS-compatible name lister (nm)
configure:5282: result: /usr/bin/nm -B
configure:5412: checking the name lister (/usr/bin/nm -B) interface
configure:5419: gcc -c -g -O2  conftest.c >&5
configure:5422: /usr/bin/nm -B "conftest.o"
configure:5425: output
0000000000000000 B some_variable
configure:5432: result: BSD nm
configure:5435: checking whether ln -s works
configure:5439: result: yes
configure:5447: checking the maximum length of command line arguments
configure:5577: result: 1572864
configure:5594: checking whether the shell understands some XSI constructs
configure:5604: result: yes
configure:5608: checking whether the shell understands "+="
configure:5614: result: yes
configure:5649: checking how to convert x86_64-unknown-linux-gnu file names to x86_64-unknown-linux-gnu format
configure:5689: result: func_convert_file_noop
configure:5696: checking how to convert x86_64-unknown-linux-gnu file names to toolchain format
configure:5716: result: func_convert_file_noop
configure:5723: checking for /usr/bin/ld option to reload object files
configure:5730: result: -r
configure:5804: checking for objdump
configure:5820: found /usr/bin/objdump
configure:5831: result: objdump
configure:5863: checking how to recognize dependent libraries
configure:6065: result: pass_all
configure:6150: checking for dlltool
configure:6180: result: no
configure:6210: checking how to associate runtime and link libraries
configure:6237: result: printf %s\n
configure:6297: checking for ar
configure:6313: found /usr/bin/ar
configure:6324: result: ar
configure:6361: checking for archiver @FILE support
configure:6378: gcc -c -g -O2  conftest.c >&5
configure:6378: $? = 0
configure:6381: ar cru libconftest.a @conftest.lst >&5
configure:6384: $? = 0
configure:6389: ar cru libconftest.a @conftest.lst >&5
ar: conftest.o: No such file or directory
configure:6392: $? = 1
configure:6404: result: @
configure:6462: checking for strip
configure:6478: found /usr/bin/strip
configure:6489: result: strip
configure:6561: checking for ranlib
configure:6577: found /usr/bin/ranlib
configure:6588: result: ranlib
configure:6690: checking command to parse /usr/bin/nm -B output from gcc object
configure:6810: gcc -c -g -O2  conftest.c >&5
configure:6813: $? = 0
configure:6817: /usr/bin/nm -B conftest.o \| sed -n -e 's/^.*[ ]\([ABCDGIRSTW][ABCDGIRSTW]*\)[ ][ ]*\([_A-Za-z][_A-Za-z0-9]*\)$/\1 \2 \2/p' | sed '/ __gnu_lto/d' \> conftest.nm
configure:6820: $? = 0
configure:6886: gcc -o conftest -g -O2   conftest.c conftstm.o >&5
configure:6889: $? = 0
configure:6927: result: ok
configure:6964: checking for sysroot
configure:6994: result: no
configure:7071: gcc -c -g -O2  conftest.c >&5
configure:7074: $? = 0
configure:7256: checking for mt
configure:7272: found /bin/mt
configure:7283: result: mt
configure:7306: checking if mt is a manifest tool
configure:7312: mt '-?'
configure:7320: result: no
configure:7962: checking how to run the C preprocessor
configure:7993: gcc -E  conftest.c
configure:7993: $? = 0
configure:8007: gcc -E  conftest.c
conftest.c:12:28: fatal error: ac_nonexistent.h: No such file or directory
 #include <ac_nonexistent.h>
                            ^
compilation terminated.
configure:8007: $? = 1
configure: failed program was:
| /* confdefs.h */
| #define PACKAGE_NAME "bus-stops"
| #define PACKAGE_TARNAME "bus-stops"
| #define PACKAGE_VERSION "0.0.1"
| #define PACKAGE_STRING "bus-stops 0.0.1"
| #define PACKAGE_BUGREPORT "nbatfai@gmail.com"
| #define PACKAGE_URL ""
| #define PACKAGE "bus-stops"
| #define VERSION "0.0.1"
| #define HAVE_LIBPTHREAD 1
| /* end confdefs.h.  */
| #include <ac_nonexistent.h>
configure:8032: result: gcc -E
configure:8052: gcc -E  conftest.c
configure:8052: $? = 0
configure:8066: gcc -E  conftest.c
conftest.c:12:28: fatal error: ac_nonexistent.h: No such file or directory
 #include <ac_nonexistent.h>
                            ^
compilation terminated.
configure:8066: $? = 1
configure: failed program was:
| /* confdefs.h */
| #define PACKAGE_NAME "bus-stops"
| #define PACKAGE_TARNAME "bus-stops"
| #define PACKAGE_VERSION "0.0.1"
| #define PACKAGE_STRING "bus-stops 0.0.1"
| #define PACKAGE_BUGREPORT "nbatfai@gmail.com"
| #define PACKAGE_URL ""
| #define PACKAGE "bus-stops"
| #define VERSION "0.0.1"
| #define HAVE_LIBPTHREAD 1
| /* end confdefs.h.  */
| #include <ac_nonexistent.h>
configure:8095: checking for ANSI C header files
configure:8115: gcc -c -g -O2  conftest.c >&5
configure:8115: $? = 0
configure:8188: gcc -o conftest -g -O2   conftest.c -lpthread  >&5
configure:8188: $? = 0
configure:8188: ./conftest
configure:8188: $? = 0
configure:8199: result: yes
configure:8212: checking for sys/types.h
configure:8212: gcc -c -g -O2  conftest.c >&5
configure:8212: $? = 0
configure:8212: result: yes
configure:8212: checking for sys/stat.h
configure:8212: gcc -c -g -O2  conftest.c >&5
configure:8212: $? = 0
configure:8212: result: yes
configure:8212: checking for stdlib.h
configure:8212: gcc -c -g -O2  conftest.c >&5
configure:8212: $? = 0
configure:8212: result: yes
configure:8212: checking for string.h
configure:8212: gcc -c -g -O2  conftest.c >&5
configure:8212: $? = 0
configure:8212: result: yes
configure:8212: checking for memory.h
configure:8212: gcc -c -g -O2  conftest.c >&5
configure:8212: $? = 0
configure:8212: result: yes
configure:8212: checking for strings.h
configure:8212: gcc -c -g -O2  conftest.c >&5
configure:8212: $? = 0
configure:8212: result: yes
configure:8212: checking for inttypes.h
configure:8212: gcc -c -g -O2  conftest.c >&5
configure:8212: $? = 0
configure:8212: result: yes
configure:8212: checking for stdint.h
configure:8212: gcc -c -g -O2  conftest.c >&5
configure:8212: $? = 0
configure:8212: result: yes
configure:8212: checking for unistd.h
configure:8212: gcc -c -g -O2  conftest.c >&5
configure:8212: $? = 0
configure:8212: result: yes
configure:8226: checking for dlfcn.h
configure:8226: gcc -c -g -O2  conftest.c >&5
configure:8226: $? = 0
configure:8226: result: yes
configure:8443: checking for objdir
configure:8458: result: .libs
configure:8729: checking if gcc supports -fno-rtti -fno-exceptions
configure:8747: gcc -c -g -O2  -fno-rtti -fno-exceptions conftest.c >&5
cc1: warning: command line option '-fno-rtti' is valid for C++/ObjC++ but not for C
configure:8751: $? = 0
configure:8764: result: no
configure:9091: checking for gcc option to produce PIC
configure:9098: result: -fPIC -DPIC
configure:9106: checking if gcc PIC flag -fPIC -DPIC works
configure:9124: gcc -c -g -O2  -fPIC -DPIC -DPIC conftest.c >&5
configure:9128: $? = 0
configure:9141: result: yes
configure:9170: checking if gcc static flag -static works
configure:9198: result: yes
configure:9213: checking if gcc supports -c -o file.o
configure:9234: gcc -c -g -O2  -o out/conftest2.o conftest.c >&5
configure:9238: $? = 0
configure:9260: result: yes
configure:9268: checking if gcc supports -c -o file.o
configure:9315: result: yes
configure:9348: checking whether the gcc linker (/usr/bin/ld -m elf_x86_64) supports shared libraries
configure:10501: result: yes
configure:10538: checking whether -lc should be explicitly linked in
configure:10546: gcc -c -g -O2  conftest.c >&5
configure:10549: $? = 0
configure:10564: gcc -shared  -fPIC -DPIC conftest.o  -v -Wl,-soname -Wl,conftest -o conftest 2\>\&1 \| /bin/grep  -lc  \>/dev/null 2\>\&1
configure:10567: $? = 0
configure:10581: result: no
configure:10741: checking dynamic linker characteristics
configure:11252: gcc -o conftest -g -O2   -Wl,-rpath -Wl,/foo conftest.c -lpthread  >&5
configure:11252: $? = 0
configure:11478: result: GNU/Linux ld.so
configure:11585: checking how to hardcode library paths into programs
configure:11610: result: immediate
configure:12150: checking whether stripping libraries is possible
configure:12155: result: yes
configure:12190: checking if libtool supports shared libraries
configure:12192: result: yes
configure:12195: checking whether to build shared libraries
configure:12216: result: yes
configure:12219: checking whether to build static libraries
configure:12223: result: yes
configure:12246: checking how to run the C++ preprocessor
configure:12273: g++ -E  conftest.cpp
configure:12273: $? = 0
configure:12287: g++ -E  conftest.cpp
conftest.cpp:24:28: fatal error: ac_nonexistent.h: No such file or directory
 #include <ac_nonexistent.h>
                            ^
compilation terminated.
configure:12287: $? = 1
configure: failed program was:
| /* confdefs.h */
| #define PACKAGE_NAME "bus-stops"
| #define PACKAGE_TARNAME "bus-stops"
| #define PACKAGE_VERSION "0.0.1"
| #define PACKAGE_STRING "bus-stops 0.0.1"
| #define PACKAGE_BUGREPORT "nbatfai@gmail.com"
| #define PACKAGE_URL ""
| #define PACKAGE "bus-stops"
| #define VERSION "0.0.1"
| #define HAVE_LIBPTHREAD 1
| #define STDC_HEADERS 1
| #define HAVE_SYS_TYPES_H 1
| #define HAVE_SYS_STAT_H 1
| #define HAVE_STDLIB_H 1
| #define HAVE_STRING_H 1
| #define HAVE_MEMORY_H 1
| #define HAVE_STRINGS_H 1
| #define HAVE_INTTYPES_H 1
| #define HAVE_STDINT_H 1
| #define HAVE_UNISTD_H 1
| #define HAVE_DLFCN_H 1
| #define LT_OBJDIR ".libs/"
| /* end confdefs.h.  */
| #include <ac_nonexistent.h>
configure:12312: result: g++ -E
configure:12332: g++ -E  conftest.cpp
configure:12332: $? = 0
configure:12346: g++ -E  conftest.cpp
conftest.cpp:24:28: fatal error: ac_nonexistent.h: No such file or directory
 #include <ac_nonexistent.h>
                            ^
compilation terminated.
configure:12346: $? = 1
configure: failed program was:
| /* confdefs.h */
| #define PACKAGE_NAME "bus-stops"
| #define PACKAGE_TARNAME "bus-stops"
| #define PACKAGE_VERSION "0.0.1"
| #define PACKAGE_STRING "bus-stops 0.0.1"
| #define PACKAGE_BUGREPORT "nbatfai@gmail.com"
| #define PACKAGE_URL ""
| #define PACKAGE "bus-stops"
| #define VERSION "0.0.1"
| #define HAVE_LIBPTHREAD 1
| #define STDC_HEADERS 1
| #define HAVE_SYS_TYPES_H 1
| #define HAVE_SYS_STAT_H 1
| #define HAVE_STDLIB_H 1
| #define HAVE_STRING_H 1
| #define HAVE_MEMORY_H 1
| #define HAVE_STRINGS_H 1
| #define HAVE_INTTYPES_H 1
| #define HAVE_STDINT_H 1
| #define HAVE_UNISTD_H 1
| #define HAVE_DLFCN_H 1
| #define LT_OBJDIR ".libs/"
| /* end confdefs.h.  */
| #include <ac_nonexistent.h>
configure:12515: checking for ld used by g++
configure:12582: result: /usr/bin/ld -m elf_x86_64
configure:12589: checking if the linker (/usr/bin/ld -m elf_x86_64) is GNU ld
configure:12604: result: yes
configure:12659: checking whether the g++ linker (/usr/bin/ld -m elf_x86_64) supports shared libraries
configure:13664: result: yes
configure:13700: g++ -c -g -O2  conftest.cpp >&5
configure:13703: $? = 0
configure:14223: checking for g++ option to produce PIC
configure:14230: result: -fPIC -DPIC
configure:14238: checking if g++ PIC flag -fPIC -DPIC works
configure:14256: g++ -c -g -O2  -fPIC -DPIC -DPIC conftest.cpp >&5
configure:14260: $? = 0
configure:14273: result: yes
configure:14296: checking if g++ static flag -static works
configure:14324: result: yes
configure:14336: checking if g++ supports -c -o file.o
configure:14357: g++ -c -g -O2  -o out/conftest2.o conftest.cpp >&5
configure:14361: $? = 0
configure:14383: result: yes
configure:14388: checking if g++ supports -c -o file.o
configure:14435: result: yes
configure:14465: checking whether the g++ linker (/usr/bin/ld -m elf_x86_64) supports shared libraries
configure:14501: result: yes
configure:14642: checking dynamic linker characteristics
configure:15313: result: GNU/Linux ld.so
configure:15366: checking how to hardcode library paths into programs
configure:15391: result: immediate
configure:15472: checking whether g++ supports C++11 features by default
configure:15506: g++ -c -Wall -std=c++11 -O3  conftest.cpp >&5
configure:15506: $? = 0
configure:15513: result: yes
configure:15663: checking osmium/osm/relation.hpp usability
configure:15663: g++ -c  -Wall -std=c++11 -O3  conftest.cpp >&5
configure:15663: $? = 0
configure:15663: result: yes
configure:15663: checking osmium/osm/relation.hpp presence
configure:15663: g++ -E  conftest.cpp
In file included from /usr/include/c++/4.9/cstdint:35:0,
                 from /usr/local/include/osmium/osm/relation.hpp:37,
                 from conftest.cpp:24:
/usr/include/c++/4.9/bits/c++0x_warning.h:32:2: error: #error This file requires compiler and library support for the ISO C++ 2011 standard. This support is currently experimental, and must be enabled with the -std=c++11 or -std=gnu++11 compiler options.
 #error This file requires compiler and library support for the \
  ^
configure:15663: $? = 1
configure: failed program was:
| /* confdefs.h */
| #define PACKAGE_NAME "bus-stops"
| #define PACKAGE_TARNAME "bus-stops"
| #define PACKAGE_VERSION "0.0.1"
| #define PACKAGE_STRING "bus-stops 0.0.1"
| #define PACKAGE_BUGREPORT "nbatfai@gmail.com"
| #define PACKAGE_URL ""
| #define PACKAGE "bus-stops"
| #define VERSION "0.0.1"
| #define HAVE_LIBPTHREAD 1
| #define STDC_HEADERS 1
| #define HAVE_SYS_TYPES_H 1
| #define HAVE_SYS_STAT_H 1
| #define HAVE_STDLIB_H 1
| #define HAVE_STRING_H 1
| #define HAVE_MEMORY_H 1
| #define HAVE_STRINGS_H 1
| #define HAVE_INTTYPES_H 1
| #define HAVE_STDINT_H 1
| #define HAVE_UNISTD_H 1
| #define HAVE_DLFCN_H 1
| #define LT_OBJDIR ".libs/"
| /* end confdefs.h.  */
| #include <osmium/osm/relation.hpp>
configure:15663: result: no
configure:15663: WARNING: osmium/osm/relation.hpp: accepted by the compiler, rejected by the preprocessor!
configure:15663: WARNING: osmium/osm/relation.hpp: proceeding with the compiler's result
configure:15663: checking for osmium/osm/relation.hpp
configure:15663: result: yes
configure:15669: checking osmium/io/any_input.hpp usability
configure:15669: g++ -c  -Wall -std=c++11 -O3  conftest.cpp >&5
configure:15669: $? = 0
configure:15669: result: yes
configure:15669: checking osmium/io/any_input.hpp presence
configure:15669: g++ -E  conftest.cpp
In file included from /usr/include/c++/4.9/system_error:35:0,
                 from /usr/local/include/osmium/io/compression.hpp:42,
                 from /usr/local/include/osmium/io/bzip2_compression.hpp:48,
                 from /usr/local/include/osmium/io/any_compression.hpp:36,
                 from /usr/local/include/osmium/io/any_input.hpp:36,
                 from conftest.cpp:24:
/usr/include/c++/4.9/bits/c++0x_warning.h:32:2: error: #error This file requires compiler and library support for the ISO C++ 2011 standard. This support is currently experimental, and must be enabled with the -std=c++11 or -std=gnu++11 compiler options.
 #error This file requires compiler and library support for the \
  ^
configure:15669: $? = 1
configure: failed program was:
| /* confdefs.h */
| #define PACKAGE_NAME "bus-stops"
| #define PACKAGE_TARNAME "bus-stops"
| #define PACKAGE_VERSION "0.0.1"
| #define PACKAGE_STRING "bus-stops 0.0.1"
| #define PACKAGE_BUGREPORT "nbatfai@gmail.com"
| #define PACKAGE_URL ""
| #define PACKAGE "bus-stops"
| #define VERSION "0.0.1"
| #define HAVE_LIBPTHREAD 1
| #define STDC_HEADERS 1
| #define HAVE_SYS_TYPES_H 1
| #define HAVE_SYS_STAT_H 1
| #define HAVE_STDLIB_H 1
| #define HAVE_STRING_H 1
| #define HAVE_MEMORY_H 1
| #define HAVE_STRINGS_H 1
| #define HAVE_INTTYPES_H 1
| #define HAVE_STDINT_H 1
| #define HAVE_UNISTD_H 1
| #define HAVE_DLFCN_H 1
| #define LT_OBJDIR ".libs/"
| /* end confdefs.h.  */
| #include <osmium/io/any_input.hpp>
configure:15669: result: no
configure:15669: WARNING: osmium/io/any_input.hpp: accepted by the compiler, rejected by the preprocessor!
configure:15669: WARNING: osmium/io/any_input.hpp: proceeding with the compiler's result
configure:15669: checking for osmium/io/any_input.hpp
configure:15669: result: yes
configure:15867: checking that generated files are newer than configure
configure:15873: result: done
configure:15900: creating ./config.status

## ---------------------- ##
## Running config.status. ##
## ---------------------- ##

This file was extended by bus-stops config.status 0.0.1, which was
generated by GNU Autoconf 2.69.  Invocation command line was

  CONFIG_FILES    = 
  CONFIG_HEADERS  = 
  CONFIG_LINKS    = 
  CONFIG_COMMANDS = 
  $ ./config.status 

on breaker-Lenovo-G575

config.status:1075: creating Makefile
config.status:1075: creating src/Makefile
config.status:1247: executing depfiles commands
config.status:1247: executing libtool commands

## ---------------- ##
## Cache variables. ##
## ---------------- ##

ac_cv_build=x86_64-unknown-linux-gnu
ac_cv_c_compiler_gnu=yes
ac_cv_cxx_compiler_gnu=yes
ac_cv_env_CCC_set=
ac_cv_env_CCC_value=
ac_cv_env_CC_set=
ac_cv_env_CC_value=
ac_cv_env_CFLAGS_set=
ac_cv_env_CFLAGS_value=
ac_cv_env_CPPFLAGS_set=
ac_cv_env_CPPFLAGS_value=
ac_cv_env_CPP_set=
ac_cv_env_CPP_value=
ac_cv_env_CXXCPP_set=
ac_cv_env_CXXCPP_value=
ac_cv_env_CXXFLAGS_set=
ac_cv_env_CXXFLAGS_value=
ac_cv_env_CXX_set=
ac_cv_env_CXX_value=
ac_cv_env_LDFLAGS_set=
ac_cv_env_LDFLAGS_value=
ac_cv_env_LIBS_set=
ac_cv_env_LIBS_value=
ac_cv_env_PKG_CONFIG_LIBDIR_set=
ac_cv_env_PKG_CONFIG_LIBDIR_value=
ac_cv_env_PKG_CONFIG_PATH_set=
ac_cv_env_PKG_CONFIG_PATH_value=
ac_cv_env_PKG_CONFIG_set=
ac_cv_env_PKG_CONFIG_value=
ac_cv_env_build_alias_set=
ac_cv_env_build_alias_value=
ac_cv_env_host_alias_set=
ac_cv_env_host_alias_value=
ac_cv_env_protobuf_CFLAGS_set=
ac_cv_env_protobuf_CFLAGS_value=
ac_cv_env_protobuf_LIBS_set=
ac_cv_env_protobuf_LIBS_value=
ac_cv_env_target_alias_set=
ac_cv_env_target_alias_value=
ac_cv_header_dlfcn_h=yes
ac_cv_header_inttypes_h=yes
ac_cv_header_memory_h=yes
ac_cv_header_osmium_io_any_input_hpp=yes
ac_cv_header_osmium_osm_relation_hpp=yes
ac_cv_header_stdc=yes
ac_cv_header_stdint_h=yes
ac_cv_header_stdlib_h=yes
ac_cv_header_string_h=yes
ac_cv_header_strings_h=yes
ac_cv_header_sys_stat_h=yes
ac_cv_header_sys_types_h=yes
ac_cv_header_unistd_h=yes
ac_cv_host=x86_64-unknown-linux-gnu
ac_cv_lib_pthread_pthread_create=yes
ac_cv_objext=o
ac_cv_path_EGREP='/bin/grep -E'
ac_cv_path_FGREP='/bin/grep -F'
ac_cv_path_GREP=/bin/grep
ac_cv_path_SED=/bin/sed
ac_cv_path_ac_pt_PKG_CONFIG=/usr/bin/pkg-config
ac_cv_path_install='/usr/bin/install -c'
ac_cv_path_mkdir=/bin/mkdir
ac_cv_prog_AWK=mawk
ac_cv_prog_CPP='gcc -E'
ac_cv_prog_CXXCPP='g++ -E'
ac_cv_prog_ac_ct_AR=ar
ac_cv_prog_ac_ct_CC=gcc
ac_cv_prog_ac_ct_CXX=g++
ac_cv_prog_ac_ct_MANIFEST_TOOL=mt
ac_cv_prog_ac_ct_OBJDUMP=objdump
ac_cv_prog_ac_ct_RANLIB=ranlib
ac_cv_prog_ac_ct_STRIP=strip
ac_cv_prog_cc_c89=
ac_cv_prog_cc_g=yes
ac_cv_prog_cxx_g=yes
ac_cv_prog_make_make_set=yes
am_cv_CC_dependencies_compiler_type=gcc3
am_cv_CXX_dependencies_compiler_type=gcc3
am_cv_make_support_nested_variables=yes
am_cv_prog_cc_c_o=yes
ax_cv_cxx_compile_cxx11=yes
lt_cv_ar_at_file=@
lt_cv_archive_cmds_need_lc=no
lt_cv_deplibs_check_method=pass_all
lt_cv_file_magic_cmd='$MAGIC_CMD'
lt_cv_file_magic_test_file=
lt_cv_ld_reload_flag=-r
lt_cv_nm_interface='BSD nm'
lt_cv_objdir=.libs
lt_cv_path_LD=/usr/bin/ld
lt_cv_path_LDCXX='/usr/bin/ld -m elf_x86_64'
lt_cv_path_NM='/usr/bin/nm -B'
lt_cv_path_mainfest_tool=no
lt_cv_prog_compiler_c_o=yes
lt_cv_prog_compiler_c_o_CXX=yes
lt_cv_prog_compiler_pic='-fPIC -DPIC'
lt_cv_prog_compiler_pic_CXX='-fPIC -DPIC'
lt_cv_prog_compiler_pic_works=yes
lt_cv_prog_compiler_pic_works_CXX=yes
lt_cv_prog_compiler_rtti_exceptions=no
lt_cv_prog_compiler_static_works=yes
lt_cv_prog_compiler_static_works_CXX=yes
lt_cv_prog_gnu_ld=yes
lt_cv_prog_gnu_ldcxx=yes
lt_cv_sharedlib_from_linklib_cmd='printf %s\n'
lt_cv_shlibpath_overrides_runpath=no
lt_cv_sys_global_symbol_pipe='sed -n -e '\''s/^.*[	 ]\([ABCDGIRSTW][ABCDGIRSTW]*\)[	 ][	 ]*\([_A-Za-z][_A-Za-z0-9]*\)$/\1 \2 \2/p'\'' | sed '\''/ __gnu_lto/d'\'''
lt_cv_sys_global_symbol_to_c_name_address='sed -n -e '\''s/^: \([^ ]*\)[ ]*$/  {\"\1\", (void *) 0},/p'\'' -e '\''s/^[ABCDGIRSTW]* \([^ ]*\) \([^ ]*\)$/  {"\2", (void *) \&\2},/p'\'''
lt_cv_sys_global_symbol_to_c_name_address_lib_prefix='sed -n -e '\''s/^: \([^ ]*\)[ ]*$/  {\"\1\", (void *) 0},/p'\'' -e '\''s/^[ABCDGIRSTW]* \([^ ]*\) \(lib[^ ]*\)$/  {"\2", (void *) \&\2},/p'\'' -e '\''s/^[ABCDGIRSTW]* \([^ ]*\) \([^ ]*\)$/  {"lib\2", (void *) \&\2},/p'\'''
lt_cv_sys_global_symbol_to_cdecl='sed -n -e '\''s/^T .* \(.*\)$/extern int \1();/p'\'' -e '\''s/^[ABCDGIRSTW]* .* \(.*\)$/extern char \1;/p'\'''
lt_cv_sys_max_cmd_len=1572864
lt_cv_to_host_file_cmd=func_convert_file_noop
lt_cv_to_tool_file_cmd=func_convert_file_noop
pkg_cv_protobuf_CFLAGS='-pthread '
pkg_cv_protobuf_LIBS='-lprotobuf -pthread -lpthread '

## ----------------- ##
## Output variables. ##
## ----------------- ##

ACLOCAL='${SHELL} /home/breaker/Desktop/vedes4/Petra/missing aclocal-1.14'
AMDEPBACKSLASH='\'
AMDEP_FALSE='#'
AMDEP_TRUE=''
AMTAR='$${TAR-tar}'
AM_BACKSLASH='\'
AM_CXXFLAGS=''
AM_DEFAULT_V='$(AM_DEFAULT_VERBOSITY)'
AM_DEFAULT_VERBOSITY='1'
AM_LDFLAGS=''
AM_V='$(V)'
AR='ar'
AUTOCONF='${SHELL} /home/breaker/Desktop/vedes4/Petra/missing autoconf'
AUTOHEADER='${SHELL} /home/breaker/Desktop/vedes4/Petra/missing autoheader'
AUTOMAKE='${SHELL} /home/breaker/Desktop/vedes4/Petra/missing automake-1.14'
AWK='mawk'
CC='gcc'
CCDEPMODE='depmode=gcc3'
CFLAGS='-g -O2'
CPP='gcc -E'
CPPFLAGS=''
CXX='g++'
CXXCPP='g++ -E'
CXXDEPMODE='depmode=gcc3'
CXXFLAGS=' -Wall -std=c++11 -O3'
CYGPATH_W='echo'
DEFS='-DPACKAGE_NAME=\"bus-stops\" -DPACKAGE_TARNAME=\"bus-stops\" -DPACKAGE_VERSION=\"0.0.1\" -DPACKAGE_STRING=\"bus-stops\ 0.0.1\" -DPACKAGE_BUGREPORT=\"nbatfai@gmail.com\" -DPACKAGE_URL=\"\" -DPACKAGE=\"bus-stops\" -DVERSION=\"0.0.1\" -DHAVE_LIBPTHREAD=1 -DSTDC_HEADERS=1 -DHAVE_SYS_TYPES_H=1 -DHAVE_SYS_STAT_H=1 -DHAVE_STDLIB_H=1 -DHAVE_STRING_H=1 -DHAVE_MEMORY_H=1 -DHAVE_STRINGS_H=1 -DHAVE_INTTYPES_H=1 -DHAVE_STDINT_H=1 -DHAVE_UNISTD_H=1 -DHAVE_DLFCN_H=1 -DLT_OBJDIR=\".libs/\"'
DEPDIR='.deps'
DLLTOOL='false'
DSYMUTIL=''
DUMPBIN=''
ECHO_C=''
ECHO_N='-n'
ECHO_T=''
EGREP='/bin/grep -E'
EXEEXT=''
FGREP='/bin/grep -F'
GREP='/bin/grep'
HAVE_CXX11=''
INSTALL_DATA='${INSTALL} -m 644'
INSTALL_PROGRAM='${INSTALL}'
INSTALL_SCRIPT='${INSTALL}'
INSTALL_STRIP_PROGRAM='$(install_sh) -c -s'
LD='/usr/bin/ld -m elf_x86_64'
LDFLAGS=''
LIBOBJS=''
LIBS='-lexpat -lprotobuf-lite -losmpbf -lz -lbz2 -lpthread '
LIBTOOL='$(SHELL) $(top_builddir)/libtool'
LIPO=''
LN_S='ln -s'
LTLIBOBJS=''
MAKEINFO='${SHELL} /home/breaker/Desktop/vedes4/Petra/missing makeinfo'
MANIFEST_TOOL=':'
MKDIR_P='/bin/mkdir -p'
NM='/usr/bin/nm -B'
NMEDIT=''
OBJDUMP='objdump'
OBJEXT='o'
OTOOL64=''
OTOOL=''
PACKAGE='bus-stops'
PACKAGE_BUGREPORT='nbatfai@gmail.com'
PACKAGE_NAME='bus-stops'
PACKAGE_STRING='bus-stops 0.0.1'
PACKAGE_TARNAME='bus-stops'
PACKAGE_URL=''
PACKAGE_VERSION='0.0.1'
PATH_SEPARATOR=':'
PKG_CONFIG='/usr/bin/pkg-config'
PKG_CONFIG_LIBDIR=''
PKG_CONFIG_PATH=''
RANLIB='ranlib'
SED='/bin/sed'
SET_MAKE=''
SHELL='/bin/bash'
STRIP='strip'
VERSION='0.0.1'
ac_ct_AR='ar'
ac_ct_CC='gcc'
ac_ct_CXX='g++'
ac_ct_DUMPBIN=''
am__EXEEXT_FALSE=''
am__EXEEXT_TRUE='#'
am__fastdepCC_FALSE='#'
am__fastdepCC_TRUE=''
am__fastdepCXX_FALSE='#'
am__fastdepCXX_TRUE=''
am__include='include'
am__isrc=''
am__leading_dot='.'
am__nodep='_no'
am__quote=''
am__tar='$${TAR-tar} chof - "$$tardir"'
am__untar='$${TAR-tar} xf -'
bindir='${exec_prefix}/bin'
build='x86_64-unknown-linux-gnu'
build_alias=''
build_cpu='x86_64'
build_os='linux-gnu'
build_vendor='unknown'
datadir='${datarootdir}'
datarootdir='${prefix}/share'
docdir='${datarootdir}/doc/${PACKAGE_TARNAME}'
dvidir='${docdir}'
exec_prefix='${prefix}'
host='x86_64-unknown-linux-gnu'
host_alias=''
host_cpu='x86_64'
host_os='linux-gnu'
host_vendor='unknown'
htmldir='${docdir}'
includedir='${prefix}/include'
infodir='${datarootdir}/info'
install_sh='${SHELL} /home/breaker/Desktop/vedes4/Petra/install-sh'
libdir='${exec_prefix}/lib'
libexecdir='${exec_prefix}/libexec'
localedir='${datarootdir}/locale'
localstatedir='${prefix}/var'
mandir='${datarootdir}/man'
mkdir_p='$(MKDIR_P)'
oldincludedir='/usr/include'
pdfdir='${docdir}'
prefix='/usr/local'
program_transform_name='s,x,x,'
protobuf_CFLAGS='-pthread '
protobuf_LIBS='-lprotobuf -pthread -lpthread '
psdir='${docdir}'
sbindir='${exec_prefix}/sbin'
sharedstatedir='${prefix}/com'
sysconfdir='${prefix}/etc'
target_alias=''

## ----------- ##
## confdefs.h. ##
## ----------- ##

/* confdefs.h */
#define PACKAGE_NAME "bus-stops"
#define PACKAGE_TARNAME "bus-stops"
#define PACKAGE_VERSION "0.0.1"
#define PACKAGE_STRING "bus-stops 0.0.1"
#define PACKAGE_BUGREPORT "nbatfai@gmail.com"
#define PACKAGE_URL ""
#define PACKAGE "bus-stops"
#define VERSION "0.0.1"
#define HAVE_LIBPTHREAD 1
#define STDC_HEADERS 1
#define HAVE_SYS_TYPES_H 1
#define HAVE_SYS_STAT_H 1
#define HAVE_STDLIB_H 1
#define HAVE_STRING_H 1
#define HAVE_MEMORY_H 1
#define HAVE_STRINGS_H 1
#define HAVE_INTTYPES_H 1
#define HAVE_STDINT_H 1
#define HAVE_UNISTD_H 1
#define HAVE_DLFCN_H 1
#define LT_OBJDIR ".libs/"

configure: exit 0
